---------- Date: 2017-03-16 08:03:03 ~ IP : 39.169.59.70 ----------
REQUEST URI : /index.php?route=product/category&path=20_27
MOD DETAILS:
   modFile   : /www/web/dev/public_html/monkeyking/vqmod/xml/vqmod_index.xml
   id        : vQmod File ID
   version   : 1.0.0
   vqmver    : 1.0.8
   author    : Lennie
VQModObject::parseMods - Could not resolve path for [catalog/view/theme/default/template/product/category.tpl ] (SKIPPED)

----------------------------------------------------------------------


---------- Date: 2017-03-16 08:20:59 ~ IP : 39.169.59.70 ----------
REQUEST URI : /monkeyking/index.php?route=product/category&path=20_27
MOD DETAILS:
   modFile   : /www/web/dev/public_html/monkeyking/vqmod/xml/vqmod_index.xml
   id        : vQmod File ID
   version   : 1.0.0
   vqmver    : 1.0.8
   author    : Lennie
VQModObject::parseMods - Could not resolve path for [catalog/view/theme/default/template/product/category.tpl ] (SKIPPED)

----------------------------------------------------------------------


---------- Date: 2017-03-16 08:21:08 ~ IP : 39.169.59.70 ----------
REQUEST URI : /monkeyking/index.php?route=product/category&path=20_27
MOD DETAILS:
   modFile   : /www/web/dev/public_html/monkeyking/vqmod/xml/vqmod_index.xml
   id        : vQmod File ID
   version   : 1.0.0
   vqmver    : 1.0.8
   author    : Lennie
VQModObject::parseMods - Could not resolve path for [monkeyking/catalog/view/theme/default/template/product/category.tpl ] (SKIPPED)

----------------------------------------------------------------------


---------- Date: 2017-03-16 08:21:18 ~ IP : 39.169.59.70 ----------
REQUEST URI : /monkeyking/index.php?route=product/category&path=20_27
MOD DETAILS:
   modFile   : /www/web/dev/public_html/monkeyking/vqmod/xml/vqmod_index.xml
   id        : vQmod File ID
   version   : 1.0.0
   vqmver    : 1.0.8
   author    : Lennie
VQModObject::parseMods - Could not resolve path for [catalog/view/theme/default/template/product/category.tpl ] (SKIPPED)

----------------------------------------------------------------------


---------- Date: 2017-03-16 08:28:00 ~ IP : 39.169.59.70 ----------
REQUEST URI : /monkeyking/index.php?route=product/category&path=20_27
MOD DETAILS:
   modFile   : /www/web/dev/public_html/monkeyking/vqmod/xml/vqmod_index.xml
   id        : vQmod File ID
   version   : 1.0.0
   vqmver    : 1.0.8
   author    : Lennie
VQModObject::parseMods - Could not resolve path for [catalog/view/theme/default/template/product/category.tpl ] (SKIPPED)

----------------------------------------------------------------------


---------- Date: 2017-03-16 08:29:42 ~ IP : 39.169.59.70 ----------
REQUEST URI : /monkeyking/index.php?route=product/category&path=20_27
MOD DETAILS:
   modFile   : /www/web/dev/public_html/monkeyking/vqmod/xml/vqmod_index.xml
   id        : vQmod File ID
   version   : 1.0.0
   vqmver    : 1.0.8
   author    : Lennie
VQModObject::parseMods - Could not resolve path for [catalog/view/theme/default/template/product/category.tpl ] (SKIPPED)

----------------------------------------------------------------------


---------- Date: 2017-03-16 08:29:59 ~ IP : 39.169.59.70 ----------
REQUEST URI : /monkeyking/index.php?route=product/category&path=20_27
MOD DETAILS:
   modFile   : /www/web/dev/public_html/monkeyking/vqmod/xml/vqmod_index.xml
   id        : vQmod File ID
   version   : 1.0.0
   vqmver    : 1.0.8
   author    : Lennie
VQModObject::parseMods - Could not resolve path for [catalog/view/theme/default/template/product/category.tpl ] (SKIPPED)

----------------------------------------------------------------------


---------- Date: 2017-03-16 08:36:32 ~ IP : 39.169.59.70 ----------
REQUEST URI : /monkeyking/index.php?route=product/category&path=20_27
MOD DETAILS:
   modFile   : /www/web/dev/public_html/monkeyking/vqmod/xml/--vqmod_index.xml
   id        : vQmod File ID
   version   : 1.0.0
   vqmver    : 1.0.8
   author    : Lennie
VQModObject::parseMods - Could not resolve path for [catalog/view/theme/default/template/product/category.tpl ] (SKIPPED)
VQModObject::parseMods - Could not resolve path for [catalog/controller/product/category.php ] (SKIPPED)

----------------------------------------------------------------------


---------- Date: 2017-03-16 08:39:17 ~ IP : 39.169.59.70 ----------
REQUEST URI : /monkeyking/index.php?route=product/category&path=20_27
MOD DETAILS:
   modFile   : /www/web/dev/public_html/monkeyking/vqmod/xml/vqmod_index.xml
   id        : vQmod File ID
   version   : 1.0.0
   vqmver    : 1.0.8
   author    : Lennie
VQModObject::parseMods - Could not resolve path for [catalog/view/theme/default/template/product/category.tpl ] (SKIPPED)

----------------------------------------------------------------------


---------- Date: 2017-03-16 08:43:21 ~ IP : 39.169.59.70 ----------
REQUEST URI : /monkeyking/index.php?route=product/category&path=20_27
MOD DETAILS:
   modFile   : /www/web/dev/public_html/monkeyking/vqmod/xml/vqmod_index.xml
   id        : vQmod File ID
   version   : 1.0.0
   vqmver    : 1.0.8
   author    : Lennie
VQModObject::parseMods - Could not resolve path for [catalog/view/theme/default/template/product/category.tpl ] (SKIPPED)

----------------------------------------------------------------------


